Log file open, 02/04/15 13:14:31
LogInit:Display: Running engine for game: Gladiator
LogInit: Version: 4.5.1-2336687+++depot+UE4-Releases+4.5
LogInit: API Version: 2326478
LogInit: Compiled (64-bit): Oct 21 2014 22:32:40
LogInit: Compiled with Visual C++: 18.00.21005.01
LogInit: Build Configuration: Development
LogInit: Branch Name: ++depot+UE4-Releases+4.5
LogInit: Command line:  
LogInit: Base directory: C:/Program Files/Epic Games/4.5/Engine/Binaries/Win64/
LogInit: Rocket: 1
[2015.02.04-12.14.31:134][  0]LogTaskGraph: Started task graph with 3 named threads and 4 total threads.
[2015.02.04-12.14.31:163][  0]LogOnline:Warning: No default platform service specified for OnlineSubsystem
[2015.02.04-12.14.31:181][  0]LogInit: Presizing for 0 objects not considered by GC, pre-allocating 0 bytes.
[2015.02.04-12.14.31:188][  0]LogInit: Object subsystem initialized
[2015.02.04-12.14.31:191][  0]LogConsoleResponse:Warning: Skipping Unknown console variable: 'UIScaleRule = ShortestSide'
[2015.02.04-12.14.31:191][  0]LogConsoleResponse:Warning:   Found in ini file 'C:/Users/Jeremy/Documents/Gladiator/Gladiator/Saved/Config/Windows/Engine.ini', in section '[/Script/Engine.RendererSettings]'
[2015.02.04-12.14.31:191][  0]LogConsoleResponse:Warning: Skipping Unknown console variable: 'UIScaleCurve = (EditorCurveData=(Keys=((Time=480.000000,Value=0.444000),(Time=720.000000,Value=0.666000),(Time=1080.000000,Value=1.000000),(Time=8640.000000,Value=8.000000))),ExternalCurve=None)'
[2015.02.04-12.14.31:191][  0]LogConsoleResponse:Warning:   Found in ini file 'C:/Users/Jeremy/Documents/Gladiator/Gladiator/Saved/Config/Windows/Engine.ini', in section '[/Script/Engine.RendererSettings]'
[2015.02.04-12.14.31:191][  0]LogInit: Selected Device Profile: [Windows]
[2015.02.04-12.14.31:191][  0]LogInit: Applying CVar settings loaded from the selected device profile: [Windows]
[2015.02.04-12.14.31:196][  0]LogInit: Computer: PORTABLE
[2015.02.04-12.14.31:196][  0]LogInit: User: Jérémy
[2015.02.04-12.14.31:197][  0]LogInit: CPU Page size=4096, Cores=4
[2015.02.04-12.14.31:197][  0]LogInit: High frequency timer resolution =2.435776 MHz
[2015.02.04-12.14.31:197][  0]LogMemory: Memory total: Physical=7.9GB (8GB approx) Virtual=131072.0GB
[2015.02.04-12.14.31:197][  0]LogMemory: Platform Memory Stats for Windows
[2015.02.04-12.14.31:197][  0]LogMemory: Process Physical Memory: 61.11 MB used, 61.11 MB peak
[2015.02.04-12.14.31:198][  0]LogMemory: Process Virtual Memory: 36.55 MB used, 36.55 MB peak
[2015.02.04-12.14.31:198][  0]LogMemory: Physical Memory: 5229.41 MB used, 8075.02 MB total
[2015.02.04-12.14.31:198][  0]LogMemory: Virtual Memory: 280.47 MB used, 134217728.00 MB total
[2015.02.04-12.14.31:223][  0]LogD3D11RHI: Found D3D11 adapter 0: NVIDIA GeForce GTX 850M (Feature Level 11_0)
[2015.02.04-12.14.31:223][  0]LogD3D11RHI: Adapter has 4002MB of dedicated video memory, 0MB of dedicated system memory, and 4037MB of shared system memory, 1 output[s]
[2015.02.04-12.14.31:229][  0]LogD3D11RHI: Found D3D11 adapter 1: Intel(R) HD Graphics 4600 (Feature Level 11_0)
[2015.02.04-12.14.31:230][  0]LogD3D11RHI: Adapter has 32MB of dedicated video memory, 0MB of dedicated system memory, and 1760MB of shared system memory, 0 output[s]
[2015.02.04-12.14.31:230][  0]LogD3D11RHI: Found D3D11 adapter 2: Microsoft Basic Render Driver (Feature Level 11_0)
[2015.02.04-12.14.31:230][  0]LogD3D11RHI: Adapter has 0MB of dedicated video memory, 0MB of dedicated system memory, and 256MB of shared system memory, 0 output[s]
[2015.02.04-12.14.31:230][  0]LogD3D11RHI: Chosen D3D11 Adapter Id = 0
[2015.02.04-12.14.31:234][  0]LogRHI: Texture pool is 1361 MB (70% of 1945 MB)
[2015.02.04-12.14.31:243][  0]LogD3D11RHI: Async texture creation enabled
[2015.02.04-12.14.31:289][  0]LogTextLocalizationManager: The requested culture ('fr_FR') has no localization data; falling back to 'en' for localization and internationalization data.
[2015.02.04-12.14.31:430][  0]LogContentStreaming: Texture pool size is 0.000000MB
[2015.02.04-12.14.35:166][  0]LogTargetPlatformManager:Display: Building Assets For Windows
[2015.02.04-12.14.35:532][  0]LogTargetPlatformManager:Display: Building Assets For Windows
[2015.02.04-12.14.35:576][  0]LogDerivedDataCache:Display: Max Cache Size: 512 MB
[2015.02.04-12.14.35:626][  0]LogDerivedDataCache: Loaded boot cache 0.05s 41MB C:/Users/Jeremy/AppData/Local/UnrealEngine/4.5/DerivedDataCache/Boot.ddc.
[2015.02.04-12.14.35:626][  0]LogDerivedDataCache:Display: Loaded Boot cache: C:/Users/Jeremy/AppData/Local/UnrealEngine/4.5/DerivedDataCache/Boot.ddc
[2015.02.04-12.14.35:626][  0]LogDerivedDataCache: FDerivedDataBackendGraph:  Pak pak cache file ../../../../../../Users/Jeremy/Documents/Gladiator/Gladiator/DerivedDataCache/DDC.ddp not found, will not use a pak cache.
[2015.02.04-12.14.35:626][  0]LogDerivedDataCache: Unable to find inner node Pak for hierarchical cache Hierarchy.
[2015.02.04-12.14.35:679][  0]LogDerivedDataCache:Display: Pak cache opened for reading ../../../Engine/DerivedDataCache/DDC.ddp.
[2015.02.04-12.14.35:691][  0]LogDerivedDataCache: Using Local data cache path C:/Users/Jeremy/AppData/Local/UnrealEngine/Common/DerivedDataCache: Writable
[2015.02.04-12.14.35:840][  0]LogMeshUtilities: No automatic mesh reduction module available
[2015.02.04-12.14.35:840][  0]LogMeshUtilities: No automatic mesh merging module available
[2015.02.04-12.14.36:044][  0]LogLinker:Warning: Asset '../../../Engine/Content/Functions/Engine_MaterialFunctions02/Texturing/FlipBook.uasset' has been saved with empty engine version. The asset will be loaded but may be incompatible.
[2015.02.04-12.14.36:047][  0]LogLinker:Warning: Asset '../../../Engine/Content/Functions/Engine_MaterialFunctions02/ExampleContent/Textures/flipbook.uasset' has been saved with empty engine version. The asset will be loaded but may be incompatible.
[2015.02.04-12.14.36:186][  0]LogInit: WinSock: version 1.1 (2.2), MaxSocks=32767, MaxUdp=65467
[2015.02.04-12.14.36:895][  0]UdpMessaging: Initializing bridge on interface 0.0.0.0:0 to multicast group 230.0.0.1:6666.
[2015.02.04-12.14.37:068][  0]LogLinker:Warning: CreateExport: Failed to load Parent for AnimBlueprintGeneratedClass /Game/Blueprints/Animation/MyGladiatorAnimationBP.MyGladiatorAnimationBP_C
[2015.02.04-12.14.37:068][  0]LogLinker:Warning: CreateExport: Failed to load Outer for resource 'K2Node_Event_DeltaTimeX': AnimBlueprintGeneratedClass /Game/Blueprints/Animation/MyGladiatorAnimationBP.MyGladiatorAnimationBP_C
[2015.02.04-12.14.37:068][  0]LogLinker:Warning: CreateExport: Failed to load Parent for AnimBlueprintGeneratedClass /Game/Blueprints/Animation/MyGladiatorAnimationBP.MyGladiatorAnimationBP_C
[2015.02.04-12.14.37:068][  0]LogLinker:Warning: CreateExport: Failed to load Outer for resource 'CallFunc_Not_PreBool_ReturnValue': AnimBlueprintGeneratedClass /Game/Blueprints/Animation/MyGladiatorAnimationBP.MyGladiatorAnimationBP_C
[2015.02.04-12.14.37:068][  0]LogLinker:Warning: CreateExport: Failed to load Parent for AnimBlueprintGeneratedClass /Game/Blueprints/Animation/MyGladiatorAnimationBP.MyGladiatorAnimationBP_C
[2015.02.04-12.14.37:068][  0]LogLinker:Warning: CreateExport: Failed to load Outer for resource 'CallFunc_BreakRot_Roll': AnimBlueprintGeneratedClass /Game/Blueprints/Animation/MyGladiatorAnimationBP.MyGladiatorAnimationBP_C
[2015.02.04-12.14.37:068][  0]LogLinker:Warning: CreateExport: Failed to load Parent for AnimBlueprintGeneratedClass /Game/Blueprints/Animation/MyGladiatorAnimationBP.MyGladiatorAnimationBP_C
[2015.02.04-12.14.37:068][  0]LogLinker:Warning: CreateExport: Failed to load Outer for resource 'CallFunc_BreakRot_Yaw': AnimBlueprintGeneratedClass /Game/Blueprints/Animation/MyGladiatorAnimationBP.MyGladiatorAnimationBP_C
[2015.02.04-12.14.37:068][  0]LogLinker:Warning: CreateExport: Failed to load Parent for AnimBlueprintGeneratedClass /Game/Blueprints/Animation/MyGladiatorAnimationBP.MyGladiatorAnimationBP_C
[2015.02.04-12.14.37:068][  0]LogLinker:Warning: CreateExport: Failed to load Outer for resource 'CallFunc_BreakRot_Pitch': AnimBlueprintGeneratedClass /Game/Blueprints/Animation/MyGladiatorAnimationBP.MyGladiatorAnimationBP_C
[2015.02.04-12.14.37:068][  0]LogLinker:Warning: CreateExport: Failed to load Parent for AnimBlueprintGeneratedClass /Game/Blueprints/Animation/MyGladiatorAnimationBP.MyGladiatorAnimationBP_C
[2015.02.04-12.14.37:068][  0]LogLinker:Warning: CreateExport: Failed to load Outer for resource 'CallFunc_VSize_ReturnValue': AnimBlueprintGeneratedClass /Game/Blueprints/Animation/MyGladiatorAnimationBP.MyGladiatorAnimationBP_C
[2015.02.04-12.14.37:068][  0]LogLinker:Warning: CreateExport: Failed to load Parent for AnimBlueprintGeneratedClass /Game/Blueprints/Animation/MyGladiatorAnimationBP.MyGladiatorAnimationBP_C
[2015.02.04-12.14.37:068][  0]LogLinker:Warning: CreateExport: Failed to load Outer for resource 'CallFunc_NormalizedDeltaRotator_ReturnValue': AnimBlueprintGeneratedClass /Game/Blueprints/Animation/MyGladiatorAnimationBP.MyGladiatorAnimationBP_C
[2015.02.04-12.14.37:069][  0]LogLinker:Warning: CreateExport: Failed to load Parent for AnimBlueprintGeneratedClass /Game/Blueprints/Animation/MyGladiatorAnimationBP.MyGladiatorAnimationBP_C
[2015.02.04-12.14.37:069][  0]LogLinker:Warning: CreateExport: Failed to load Outer for resource 'CallFunc_Conv_VectorToRotator_ReturnValue': AnimBlueprintGeneratedClass /Game/Blueprints/Animation/MyGladiatorAnimationBP.MyGladiatorAnimationBP_C
[2015.02.04-12.14.37:069][  0]LogLinker:Warning: CreateExport: Failed to load Parent for AnimBlueprintGeneratedClass /Game/Blueprints/Animation/MyGladiatorAnimationBP.MyGladiatorAnimationBP_C
[2015.02.04-12.14.37:069][  0]LogLinker:Warning: CreateExport: Failed to load Outer for resource 'CallFunc_IsValid_ReturnValue': AnimBlueprintGeneratedClass /Game/Blueprints/Animation/MyGladiatorAnimationBP.MyGladiatorAnimationBP_C
[2015.02.04-12.14.37:069][  0]LogLinker:Warning: CreateExport: Failed to load Parent for AnimBlueprintGeneratedClass /Game/Blueprints/Animation/MyGladiatorAnimationBP.MyGladiatorAnimationBP_C
[2015.02.04-12.14.37:069][  0]LogLinker:Warning: CreateExport: Failed to load Outer for resource 'K2Node_DynamicCast_CastSuccess': AnimBlueprintGeneratedClass /Game/Blueprints/Animation/MyGladiatorAnimationBP.MyGladiatorAnimationBP_C
[2015.02.04-12.14.37:069][  0]LogLinker:Warning: CreateExport: Failed to load Parent for AnimBlueprintGeneratedClass /Game/Blueprints/Animation/MyGladiatorAnimationBP.MyGladiatorAnimationBP_C
[2015.02.04-12.14.37:069][  0]LogLinker:Warning: CreateExport: Failed to load Outer for resource 'K2Node_DynamicCast_AsCharacter': AnimBlueprintGeneratedClass /Game/Blueprints/Animation/MyGladiatorAnimationBP.MyGladiatorAnimationBP_C
[2015.02.04-12.14.37:069][  0]LogLinker:Warning: CreateExport: Failed to load Parent for AnimBlueprintGeneratedClass /Game/Blueprints/Animation/MyGladiatorAnimationBP.MyGladiatorAnimationBP_C
[2015.02.04-12.14.37:069][  0]LogLinker:Warning: CreateExport: Failed to load Outer for resource 'CallFunc_K2_GetActorRotation_ReturnValue': AnimBlueprintGeneratedClass /Game/Blueprints/Animation/MyGladiatorAnimationBP.MyGladiatorAnimationBP_C
[2015.02.04-12.14.37:069][  0]LogLinker:Warning: CreateExport: Failed to load Parent for AnimBlueprintGeneratedClass /Game/Blueprints/Animation/MyGladiatorAnimationBP.MyGladiatorAnimationBP_C
[2015.02.04-12.14.37:069][  0]LogLinker:Warning: CreateExport: Failed to load Outer for resource 'CallFunc_TryGetPawnOwner_ReturnValue': AnimBlueprintGeneratedClass /Game/Blueprints/Animation/MyGladiatorAnimationBP.MyGladiatorAnimationBP_C
[2015.02.04-12.14.37:069][  0]LogLinker:Warning: CreateExport: Failed to load Parent for AnimBlueprintGeneratedClass /Game/Blueprints/Animation/MyGladiatorAnimationBP.MyGladiatorAnimationBP_C
[2015.02.04-12.14.37:069][  0]LogLinker:Warning: CreateExport: Failed to load Outer for resource 'Direction': AnimBlueprintGeneratedClass /Game/Blueprints/Animation/MyGladiatorAnimationBP.MyGladiatorAnimationBP_C
[2015.02.04-12.14.37:069][  0]LogLinker:Warning: CreateExport: Failed to load Parent for AnimBlueprintGeneratedClass /Game/Blueprints/Animation/MyGladiatorAnimationBP.MyGladiatorAnimationBP_C
[2015.02.04-12.14.37:069][  0]LogLinker:Warning: CreateExport: Failed to load Outer for resource 'Speed': AnimBlueprintGeneratedClass /Game/Blueprints/Animation/MyGladiatorAnimationBP.MyGladiatorAnimationBP_C
[2015.02.04-12.14.37:069][  0]LogLinker:Warning: CreateExport: Failed to load Parent for AnimBlueprintGeneratedClass /Game/Blueprints/Animation/MyGladiatorAnimationBP.MyGladiatorAnimationBP_C
[2015.02.04-12.14.37:069][  0]LogLinker:Warning: CreateExport: Failed to load Outer for resource 'AnimGraphNode_StateMachine_57F0BF4247880DBC71498F8865689861': AnimBlueprintGeneratedClass /Game/Blueprints/Animation/MyGladiatorAnimationBP.MyGladiatorAnimationBP_C
[2015.02.04-12.14.37:069][  0]LogLinker:Warning: CreateExport: Failed to load Parent for AnimBlueprintGeneratedClass /Game/Blueprints/Animation/MyGladiatorAnimationBP.MyGladiatorAnimationBP_C
[2015.02.04-12.14.37:069][  0]LogLinker:Warning: CreateExport: Failed to load Outer for resource 'AnimGraphNode_StateResult_F2BD0B764DAB9DC24243CAAD58932AFD': AnimBlueprintGeneratedClass /Game/Blueprints/Animation/MyGladiatorAnimationBP.MyGladiatorAnimationBP_C
[2015.02.04-12.14.37:069][  0]LogLinker:Warning: CreateExport: Failed to load Parent for AnimBlueprintGeneratedClass /Game/Blueprints/Animation/MyGladiatorAnimationBP.MyGladiatorAnimationBP_C
[2015.02.04-12.14.37:069][  0]LogLinker:Warning: CreateExport: Failed to load Outer for resource 'AnimGraphNode_BlendSpacePlayer_C4EA356E45277BC891BB02A940BE4776': AnimBlueprintGeneratedClass /Game/Blueprints/Animation/MyGladiatorAnimationBP.MyGladiatorAnimationBP_C
[2015.02.04-12.14.37:069][  0]LogLinker:Warning: CreateExport: Failed to load Parent for AnimBlueprintGeneratedClass /Game/Blueprints/Animation/MyGladiatorAnimationBP.MyGladiatorAnimationBP_C
[2015.02.04-12.14.37:069][  0]LogLinker:Warning: CreateExport: Failed to load Outer for resource 'AnimGraphNode_StateResult_E2A033C54FFC6D65AD3E9CBE93AA24B0': AnimBlueprintGeneratedClass /Game/Blueprints/Animation/MyGladiatorAnimationBP.MyGladiatorAnimationBP_C
[2015.02.04-12.14.37:069][  0]LogLinker:Warning: CreateExport: Failed to load Parent for AnimBlueprintGeneratedClass /Game/Blueprints/Animation/MyGladiatorAnimationBP.MyGladiatorAnimationBP_C
[2015.02.04-12.14.37:069][  0]LogLinker:Warning: CreateExport: Failed to load Outer for resource 'AnimGraphNode_SequencePlayer_858269354A61762A0BBA38B1671B9E86': AnimBlueprintGeneratedClass /Game/Blueprints/Animation/MyGladiatorAnimationBP.MyGladiatorAnimationBP_C
[2015.02.04-12.14.37:069][  0]LogLinker:Warning: CreateExport: Failed to load Parent for AnimBlueprintGeneratedClass /Game/Blueprints/Animation/MyGladiatorAnimationBP.MyGladiatorAnimationBP_C
[2015.02.04-12.14.37:069][  0]LogLinker:Warning: CreateExport: Failed to load Outer for resource 'AnimGraphNode_StateResult_7992976944B9DC6BD511CEBD5CC545FD': AnimBlueprintGeneratedClass /Game/Blueprints/Animation/MyGladiatorAnimationBP.MyGladiatorAnimationBP_C
[2015.02.04-12.14.37:069][  0]LogLinker:Warning: CreateExport: Failed to load Parent for AnimBlueprintGeneratedClass /Game/Blueprints/Animation/MyGladiatorAnimationBP.MyGladiatorAnimationBP_C
[2015.02.04-12.14.37:070][  0]LogLinker:Warning: CreateExport: Failed to load Outer for resource 'AnimGraphNode_SequencePlayer_492DC5BA43FB6E1D05CB4CAB93FA23B4': AnimBlueprintGeneratedClass /Game/Blueprints/Animation/MyGladiatorAnimationBP.MyGladiatorAnimationBP_C
[2015.02.04-12.14.37:070][  0]LogLinker:Warning: CreateExport: Failed to load Parent for AnimBlueprintGeneratedClass /Game/Blueprints/Animation/MyGladiatorAnimationBP.MyGladiatorAnimationBP_C
[2015.02.04-12.14.37:070][  0]LogLinker:Warning: CreateExport: Failed to load Outer for resource 'AnimGraphNode_TransitionResult_F00E836D4C7C6CC1D4A49F934021A117': AnimBlueprintGeneratedClass /Game/Blueprints/Animation/MyGladiatorAnimationBP.MyGladiatorAnimationBP_C
[2015.02.04-12.14.37:070][  0]LogLinker:Warning: CreateExport: Failed to load Parent for AnimBlueprintGeneratedClass /Game/Blueprints/Animation/MyGladiatorAnimationBP.MyGladiatorAnimationBP_C
[2015.02.04-12.14.37:070][  0]LogLinker:Warning: CreateExport: Failed to load Outer for resource 'AnimGraphNode_TransitionResult_FC92969E411A65A47BAFA18C20A7C0BB': AnimBlueprintGeneratedClass /Game/Blueprints/Animation/MyGladiatorAnimationBP.MyGladiatorAnimationBP_C
[2015.02.04-12.14.37:070][  0]LogLinker:Warning: CreateExport: Failed to load Parent for AnimBlueprintGeneratedClass /Game/Blueprints/Animation/MyGladiatorAnimationBP.MyGladiatorAnimationBP_C
[2015.02.04-12.14.37:070][  0]LogLinker:Warning: CreateExport: Failed to load Outer for resource 'AnimGraphNode_TransitionResult_80DCE3824131737169136B88B2897E0F': AnimBlueprintGeneratedClass /Game/Blueprints/Animation/MyGladiatorAnimationBP.MyGladiatorAnimationBP_C
[2015.02.04-12.14.37:070][  0]LogLinker:Warning: CreateExport: Failed to load Parent for AnimBlueprintGeneratedClass /Game/Blueprints/Animation/MyGladiatorAnimationBP.MyGladiatorAnimationBP_C
[2015.02.04-12.14.37:070][  0]LogLinker:Warning: CreateExport: Failed to load Outer for resource 'AnimGraphNode_TransitionResult_E0CCF14149FF78455546D8A534D65DDE': AnimBlueprintGeneratedClass /Game/Blueprints/Animation/MyGladiatorAnimationBP.MyGladiatorAnimationBP_C
[2015.02.04-12.14.37:070][  0]LogLinker:Warning: CreateExport: Failed to load Parent for AnimBlueprintGeneratedClass /Game/Blueprints/Animation/MyGladiatorAnimationBP.MyGladiatorAnimationBP_C
[2015.02.04-12.14.37:070][  0]LogLinker:Warning: CreateExport: Failed to load Outer for resource 'AnimGraphNode_Root_FFCC397746812B3EFF1676986D3D8739': AnimBlueprintGeneratedClass /Game/Blueprints/Animation/MyGladiatorAnimationBP.MyGladiatorAnimationBP_C
[2015.02.04-12.14.37:070][  0]LogLinker:Warning: CreateExport: Failed to load Parent for AnimBlueprintGeneratedClass /Game/Blueprints/Animation/MyGladiatorAnimationBP.MyGladiatorAnimationBP_C
[2015.02.04-12.14.37:070][  0]LogLinker:Warning: CreateExport: Failed to load Outer for resource 'ExecuteUbergraph_MyGladiatorAnimationBP': AnimBlueprintGeneratedClass /Game/Blueprints/Animation/MyGladiatorAnimationBP.MyGladiatorAnimationBP_C
[2015.02.04-12.14.37:070][  0]LogLinker:Warning: CreateExport: Failed to load Outer for resource 'EntryPoint': Function /Game/Blueprints/Animation/MyGladiatorAnimationBP.MyGladiatorAnimationBP_C:ExecuteUbergraph_MyGladiatorAnimationBP
[2015.02.04-12.14.37:070][  0]LogLinker:Warning: CreateExport: Failed to load Parent for AnimBlueprintGeneratedClass /Game/Blueprints/Animation/MyGladiatorAnimationBP.MyGladiatorAnimationBP_C
[2015.02.04-12.14.37:070][  0]LogLinker:Warning: CreateExport: Failed to load Outer for resource 'BlueprintUpdateAnimation': AnimBlueprintGeneratedClass /Game/Blueprints/Animation/MyGladiatorAnimationBP.MyGladiatorAnimationBP_C
[2015.02.04-12.14.37:070][  0]LogLinker:Warning: CreateExport: Failed to load Outer for resource 'DeltaTimeX': Function /Game/Blueprints/Animation/MyGladiatorAnimationBP.MyGladiatorAnimationBP_C:BlueprintUpdateAnimation
[2015.02.04-12.14.37:070][  0]LogLinker:Warning: CreateExport: Failed to load Parent for AnimBlueprintGeneratedClass /Game/Blueprints/Animation/MyGladiatorAnimationBP.MyGladiatorAnimationBP_C
[2015.02.04-12.14.37:070][  0]LogLinker:Warning: CreateExport: Failed to load Outer for resource 'EvaluateGraphExposedInputs_ExecuteUbergraph_MyGladiatorAnimationBP_AnimGraphNode_BlendSpacePlayer_14': AnimBlueprintGeneratedClass /Game/Blueprints/Animation/MyGladiatorAnimationBP.MyGladiatorAnimationBP_C
[2015.02.04-12.14.37:070][  0]LogLinker:Warning: CreateExport: Failed to load Parent for AnimBlueprintGeneratedClass /Game/Blueprints/Animation/MyGladiatorAnimationBP.MyGladiatorAnimationBP_C
[2015.02.04-12.14.37:070][  0]LogLinker:Warning: CreateExport: Failed to load Outer for resource 'EvaluateGraphExposedInputs_ExecuteUbergraph_MyGladiatorAnimationBP_AnimGraphNode_TransitionResult_50': AnimBlueprintGeneratedClass /Game/Blueprints/Animation/MyGladiatorAnimationBP.MyGladiatorAnimationBP_C
[2015.02.04-12.14.37:070][  0]LogLinker:Warning: CreateExport: Failed to load Parent for AnimBlueprintGeneratedClass /Game/Blueprints/Animation/MyGladiatorAnimationBP.MyGladiatorAnimationBP_C
[2015.02.04-12.14.37:070][  0]LogLinker:Warning: CreateExport: Failed to load Outer for resource 'EvaluateGraphExposedInputs_ExecuteUbergraph_MyGladiatorAnimationBP_AnimGraphNode_TransitionResult_51': AnimBlueprintGeneratedClass /Game/Blueprints/Animation/MyGladiatorAnimationBP.MyGladiatorAnimationBP_C
[2015.02.04-12.14.37:070][  0]LogLinker:Warning: CreateExport: Failed to load Parent for AnimBlueprintGeneratedClass /Game/Blueprints/Animation/MyGladiatorAnimationBP.MyGladiatorAnimationBP_C
[2015.02.04-12.14.37:070][  0]LogLinker:Warning: CreateExport: Failed to load Outer for resource 'EvaluateGraphExposedInputs_ExecuteUbergraph_MyGladiatorAnimationBP_AnimGraphNode_TransitionResult_52': AnimBlueprintGeneratedClass /Game/Blueprints/Animation/MyGladiatorAnimationBP.MyGladiatorAnimationBP_C
[2015.02.04-12.14.37:070][  0]LogLinker:Warning: CreateExport: Failed to load Parent for AnimBlueprintGeneratedClass /Game/Blueprints/Animation/MyGladiatorAnimationBP.MyGladiatorAnimationBP_C
[2015.02.04-12.14.37:070][  0]LogLinker:Warning: CreateExport: Failed to load Outer for resource 'EvaluateGraphExposedInputs_ExecuteUbergraph_MyGladiatorAnimationBP_AnimGraphNode_TransitionResult_53': AnimBlueprintGeneratedClass /Game/Blueprints/Animation/MyGladiatorAnimationBP.MyGladiatorAnimationBP_C
[2015.02.04-12.14.37:070][  0]LogLinker:Warning: CreateExport: Failed to load Parent for AnimBlueprintGeneratedClass /Game/Blueprints/Animation/MyGladiatorAnimationBP.MyGladiatorAnimationBP_C
[2015.02.04-12.14.37:070][  0]LogLinker:Warning: CreateExport: Failed to load Parent for AnimBlueprintGeneratedClass /Game/Blueprints/Animation/MyGladiatorAnimationBP.MyGladiatorAnimationBP_C
[2015.02.04-12.14.37:080][  0]LogLinker:Warning: CreateExport: Failed to load Parent for AnimBlueprintGeneratedClass /Game/Blueprints/Animation/MyGladiatorAnimationBP.MyGladiatorAnimationBP_C
[2015.02.04-12.14.37:088][  0]LogLinker:Warning: CreateExport: Failed to load Parent for AnimBlueprintGeneratedClass /Game/Blueprints/Animation/MyGladiatorAnimationBP.MyGladiatorAnimationBP_C
[2015.02.04-12.14.37:089][  0]LogLinker:Warning: CreateExport: Failed to load Parent for AnimBlueprintGeneratedClass /Game/Blueprints/Animation/MyGladiatorAnimationBP.MyGladiatorAnimationBP_C
[2015.02.04-12.14.37:290][  0]SourceControl: Info Source control is disabled
[2015.02.04-12.14.37:290][  0]SourceControl: Info Source control is disabled
[2015.02.04-12.14.37:296][  0]SourceControl: Info Source control is disabled
[2015.02.04-12.14.37:391][  0]LogObj: 25697 objects as part of root set at end of initial load.
[2015.02.04-12.14.37:391][  0]LogUObjectAllocator: 5871808 out of 0 bytes used by permanent object pool.
[2015.02.04-12.14.37:442][  0]LogEngine: Initializing Engine...
[2015.02.04-12.14.37:555][  0]LogInit: XAudio2 using 'Casque (Parrot Zik V1.09 Stéréo)' : 2 channels at 44.1 kHz using 16 bits per sample (channel mask 0x3)
[2015.02.04-12.14.37:560][  0]LogInit: FAudioDevice initialized.
[2015.02.04-12.14.37:577][  0]LogAIModule: Creating AISystem for world NewWorld
[2015.02.04-12.14.37:605][  0]LogDerivedDataCache: Saved boot cache 0.03s 41MB C:/Users/Jeremy/AppData/Local/UnrealEngine/4.5/DerivedDataCache/Boot.ddc.
[2015.02.04-12.14.37:610][  0]LogInit: Texture streaming: Enabled
[2015.02.04-12.14.37:652][  0]LogInit: Transaction tracking system initialized
[2015.02.04-12.14.37:748][  0]BlueprintLog: New page: Editor Load
[2015.02.04-12.14.37:777][  0]LogAssetRegistry: FAssetRegistry took 0.0110 seconds to start up
[2015.02.04-12.14.37:777][  0]LogDirectoryWatcher:Warning: Failed to begin reading directory changes for ../../../Engine/Plugins/Experimental/CharacterAI/Content/. Error: 0
[2015.02.04-12.14.38:200][  0]LogTargetPlatformManager:Display: Building Assets For Windows
[2015.02.04-12.14.38:509][  0]LogTargetPlatformManager:Display: Building Assets For Windows
[2015.02.04-12.14.38:684][  0]LogConsoleResponse:Display: 
[2015.02.04-12.14.38:862][  0]SourceControl: Info Source control is disabled
[2015.02.04-12.14.38:862][  0]Cmd: MAP LOAD FILE="../../../../../../Users/Jeremy/Documents/Gladiator/Gladiator/Content/Level/TestLevle.umap" TEMPLATE=0 SHOWPROGRESS=1
[2015.02.04-12.14.38:862][  0]LightingResults: New page: Lighting Build
[2015.02.04-12.14.38:870][  0]MapCheck: New page: Map Check
[2015.02.04-12.14.38:870][  0]LightingResults: New page: Lighting Build
[2015.02.04-12.14.38:885][  0]LogParticles: Destroying 0 GPU particle simulations for FXSystem 0x0000004C0108BF60
[2015.02.04-12.14.38:889][  0]LogLinker:Warning: CreateExport: Failed to load Parent for AnimBlueprintGeneratedClass /Game/Blueprints/Animation/MyGladiatorAnimationBP.MyGladiatorAnimationBP_C
[2015.02.04-12.14.39:082][  0]LogEditorServer: Finished looking for orphan Actors (0.000 secs)
[2015.02.04-12.14.39:082][  0]LogAIModule: Creating AISystem for world TestLevle
[2015.02.04-12.14.39:082][  0]Cmd: MAP CHECKDEP
[2015.02.04-12.14.39:083][  0]MapCheck: New page: TestLevle - Feb 4, 2015, 2:14:39 PM
[2015.02.04-12.14.39:185][  0]MapCheck: Info Map check complete: 0 Error(s), 0 Warning(s), took 102.407ms to complete.
[2015.02.04-12.14.39:185][  0]LogFileHelpers: Loading map 'TestLevle' took 0.323
[2015.02.04-12.14.39:262][  0]LogCollectionManager: Loaded 0 collections in 0.001462 seconds
[2015.02.04-12.14.39:417][  0]LogCrashTracker: Crashtracker disabled due to settings.
[2015.02.04-12.14.39:422][  0]LogUObjectGlobals:Warning: Failed to find object 'Class None.'
[2015.02.04-12.14.39:448][  0]LogLoad: Full Startup: 10.25 seconds (BP compile: 0.09 seconds)
[2015.02.04-12.14.39:790][  0]LogContentBrowser:Verbose: The content browser source was changed by the sources view to '/Game/Blueprints/Animation'
[2015.02.04-12.14.39:933][  0]LogRenderer:Warning: Reallocating scene render targets to support 912x704.
[2015.02.04-12.14.40:462][  2]LogAssetRegistry: Asset discovery search completed in 2.6965 seconds
[2015.02.04-12.14.47:183][ 84]LogContentBrowser:Verbose: The content browser source was changed by the sources view to '/Game/Blueprints'
[2015.02.04-12.16.18:453][608]LogHotReload: New module detected: UE4Editor-Gladiator-3117-Win64-DebugGame.dll
[2015.02.04-12.16.19:138][611]LogHotReload: Starting Hot-Reload from IDE
[2015.02.04-12.16.19:143][611]LogActorComponent: UnregisterComponent: (/Engine/Transient.CharacterMovementComponent_0) Not registered. Aborting.
[2015.02.04-12.16.19:143][611]LogActorComponent: UnregisterComponent: (/Engine/Transient.CharacterMovementComponent_1) Not registered. Aborting.
[2015.02.04-12.16.19:181][611]LogClass: Could not find existing class GladiatorGameMode in package /Script/Gladiator for HotReload, assuming new class
[2015.02.04-12.16.19:181][611]LogClass: Could not find existing class MyCharacterAnimInstance in package /Script/Gladiator for HotReload, assuming new class
[2015.02.04-12.16.19:181][611]LogClass: Could not find existing class MyGladiatorCharacter in package /Script/Gladiator for HotReload, assuming new class
[2015.02.04-12.16.19:184][611]LogCrashTracker: 


[2015.02.04-12.16.29:560][611]LogCrashTracker: 


[2015.02.04-12.16.29:560][611]LogWindows: === Critical error: ===
Fatal error!

Unhandled Exception: EXCEPTION_ACCESS_VIOLATION reading address 0x00000160

UE4Editor-Engine.dll!UnknownFunction (0x00007ffe014c9801) + 0 bytes [UnknownFile:0]
UE4Editor-Gladiator-3117-Win64-DebugGame.dll!AMyGladiatorCharacter::AMyGladiatorCharacter() (0x00007ffdf78d774a) + 267 bytes [c:\users\jeremy\documents\gladiator\gladiator\source\gladiator\characters\mygladiatorcharacter.cpp:16]
UE4Editor-Gladiator-3117-Win64-DebugGame.dll!InternalConstructor<AMyGladiatorCharacter>() (0x00007ffdf78e4192) + 36 bytes [c:\program files\epic games\4.5\engine\source\runtime\coreuobject\public\uobject\class.h:2178]
UE4Editor-CoreUObject.dll!UnknownFunction (0x00007ffe06d9d502) + 0 bytes [UnknownFile:0]
UE4Editor-CoreUObject.dll!UnknownFunction (0x00007ffe06eb9cad) + 0 bytes [UnknownFile:0]
UE4Editor-CoreUObject.dll!UnknownFunction (0x00007ffe06ea0032) + 0 bytes [UnknownFile:0]
UE4Editor-CoreUObject.dll!UnknownFunction (0x00007ffe06da493a) + 0 bytes [UnknownFile:0]
UE4Editor-Core.dll!UnknownFunction (0x00007ffe038a8660) + 0 bytes [UnknownFile:0]
UE4Editor-Core.dll!UnknownFunction (0x00007ffe03a4665c) + 0 bytes [UnknownFile:0]
UE4Editor-Core.dll!UnknownFunction (0x00007ffe03a45de8) + 0 bytes [UnknownFile:0]
UE4Editor-HotReload.dll!UnknownFunction (0x00007ffdf7e5e898) + 0 bytes [UnknownFile:0]
UE4Editor-HotReload.dll!UnknownFunction (0x00007ffdf7e5e541) + 0 bytes [UnknownFile:0]
UE4Editor-HotReload.dll!UnknownFunction (0x00007ffdf7e6a120) + 0 bytes [UnknownFile:0]
UE4Editor.exe!FTicker::Tick() (0x00007ff71f17b997) + 32 bytes [d:\buildfarm\buildmachine_++depot+ue4-releases+4.5\engine\source\runtime\core\public\containers\ticker.h:78]
UE4Editor.exe!FEngineLoop::Tick() (0x00007ff71f17b0e4) + 0 bytes [d:\buildfarm\buildmachine_++depot+ue4-releases+4.5\engine\source\runtime\launch\private\launchengineloop.cpp:2222]
UE4Editor.exe!GuardedMain() (0x00007ff71f16f9df) + 0 bytes [d:\buildfarm\buildmachine_++depot+ue4-releases+4.5\engine\source\runtime\launch\private\launch.cpp:133]
UE4Editor.exe!GuardedMainWrapper() (0x00007ff71f16fa4a) + 5 bytes [d:\buildfarm\buildmachine_++depot+ue4-releases+4.5\engine\source\runtime\launch\private\windows\launchwindows.cpp:125]
UE4Editor.exe!WinMain() (0x00007ff71f17bf19) + 17 bytes [d:\buildfarm\buildmachine_++depot+ue4-releases+4.5\engine\source\runtime\launch\private\windows\launchwindows.cpp:201]
UE4Editor.exe!__tmainCRTStartup() (0x00007ff71f17cdc9) + 21 bytes [f:\dd\vctools\crt\crtw32\dllstuff\crtexe.c:618]
KERNEL32.DLL!UnknownFunction (0x00007ffe2ef616ad) + 0 bytes [UnknownFile:0]
ntdll.dll!UnknownFunction (0x00007ffe2f654409) + 0 bytes [UnknownFile:0]
ntdll.dll!UnknownFunction (0x00007ffe2f654409) + 0 bytes [UnknownFile:0]


[2015.02.04-12.16.29:684][611]LogExit: Executing StaticShutdownAfterError
[2015.02.04-12.16.29:694][611]LogWindows: FPlatformMisc::RequestExit(1)
[2015.02.04-12.16.29:694][611]Log file closed, 02/04/15 13:16:29
