Log file open, 02/04/15 13:15:02
LogInit:Display: Running engine for game: Gladiator
LogInit: Version: 4.5.1-2336687+++depot+UE4-Releases+4.5
LogInit: API Version: 2326478
LogInit: Compiled (64-bit): Oct 21 2014 22:32:40
LogInit: Compiled with Visual C++: 18.00.21005.01
LogInit: Build Configuration: DebugGame
LogInit: Branch Name: ++depot+UE4-Releases+4.5
LogInit: Command line:  -debug
LogInit: Base directory: C:/Program Files/Epic Games/4.5/Engine/Binaries/Win64/
LogInit: Rocket: 1
[2015.02.04-12.15.02:708][  0]LogTaskGraph: Started task graph with 3 named threads and 4 total threads.
[2015.02.04-12.15.02:740][  0]LogOnline:Warning: No default platform service specified for OnlineSubsystem
[2015.02.04-12.15.02:764][  0]LogInit: Presizing for 0 objects not considered by GC, pre-allocating 0 bytes.
[2015.02.04-12.15.02:772][  0]LogInit: Object subsystem initialized
[2015.02.04-12.15.02:777][  0]LogConsoleResponse:Warning: Skipping Unknown console variable: 'UIScaleRule = ShortestSide'
[2015.02.04-12.15.02:777][  0]LogConsoleResponse:Warning:   Found in ini file 'C:/Users/Jeremy/Documents/Gladiator/Gladiator/Saved/Config/Windows/Engine.ini', in section '[/Script/Engine.RendererSettings]'
[2015.02.04-12.15.02:778][  0]LogConsoleResponse:Warning: Skipping Unknown console variable: 'UIScaleCurve = (EditorCurveData=(Keys=((Time=480.000000,Value=0.444000),(Time=720.000000,Value=0.666000),(Time=1080.000000,Value=1.000000),(Time=8640.000000,Value=8.000000))),ExternalCurve=None)'
[2015.02.04-12.15.02:778][  0]LogConsoleResponse:Warning:   Found in ini file 'C:/Users/Jeremy/Documents/Gladiator/Gladiator/Saved/Config/Windows/Engine.ini', in section '[/Script/Engine.RendererSettings]'
[2015.02.04-12.15.02:779][  0]LogInit: Selected Device Profile: [Windows]
[2015.02.04-12.15.02:779][  0]LogInit: Applying CVar settings loaded from the selected device profile: [Windows]
[2015.02.04-12.15.02:783][  0]LogInit: Computer: PORTABLE
[2015.02.04-12.15.02:784][  0]LogInit: User: Jérémy
[2015.02.04-12.15.02:786][  0]LogInit: CPU Page size=4096, Cores=4
[2015.02.04-12.15.02:787][  0]LogInit: High frequency timer resolution =2.435776 MHz
[2015.02.04-12.15.02:787][  0]LogMemory: Memory total: Physical=7.9GB (8GB approx) Virtual=131072.0GB
[2015.02.04-12.15.02:788][  0]LogMemory: Platform Memory Stats for Windows
[2015.02.04-12.15.02:788][  0]LogMemory: Process Physical Memory: 61.17 MB used, 61.17 MB peak
[2015.02.04-12.15.02:788][  0]LogMemory: Process Virtual Memory: 36.34 MB used, 36.34 MB peak
[2015.02.04-12.15.02:789][  0]LogMemory: Physical Memory: 5146.21 MB used, 8075.02 MB total
[2015.02.04-12.15.02:789][  0]LogMemory: Virtual Memory: 279.49 MB used, 134217728.00 MB total
[2015.02.04-12.15.02:875][  0]LogD3D11RHI: Found D3D11 adapter 0: NVIDIA GeForce GTX 850M (Feature Level 11_0)
[2015.02.04-12.15.02:875][  0]LogD3D11RHI: Adapter has 4002MB of dedicated video memory, 0MB of dedicated system memory, and 4037MB of shared system memory, 1 output[s]
[2015.02.04-12.15.02:894][  0]LogD3D11RHI: Found D3D11 adapter 1: Intel(R) HD Graphics 4600 (Feature Level 11_0)
[2015.02.04-12.15.02:895][  0]LogD3D11RHI: Adapter has 32MB of dedicated video memory, 0MB of dedicated system memory, and 1760MB of shared system memory, 0 output[s]
[2015.02.04-12.15.02:899][  0]LogD3D11RHI: Found D3D11 adapter 2: Microsoft Basic Render Driver (Feature Level 11_0)
[2015.02.04-12.15.02:899][  0]LogD3D11RHI: Adapter has 0MB of dedicated video memory, 0MB of dedicated system memory, and 256MB of shared system memory, 0 output[s]
[2015.02.04-12.15.02:899][  0]LogD3D11RHI: Chosen D3D11 Adapter Id = 0
[2015.02.04-12.15.02:907][  0]LogRHI: Texture pool is 1361 MB (70% of 1945 MB)
[2015.02.04-12.15.02:952][  0]LogD3D11RHI: Async texture creation enabled
[2015.02.04-12.15.03:033][  0]LogTextLocalizationManager: The requested culture ('fr_FR') has no localization data; falling back to 'en' for localization and internationalization data.
[2015.02.04-12.15.03:189][  0]LogContentStreaming: Texture pool size is 0.000000MB
[2015.02.04-