Log file open, 02/13/15 21:08:29
LogInit:Display: Running engine for game: Gladiator
LogInit: Version: 4.5.1-2336687+++depot+UE4-Releases+4.5
LogInit: API Version: 2326478
LogInit: Compiled (64-bit): Oct 21 2014 22:32:40
LogInit: Compiled with Visual C++: 18.00.21005.01
LogInit: Build Configuration: DebugGame
LogInit: Branch Name: ++depot+UE4-Releases+4.5
LogInit: Command line:  -debug
LogInit: Base directory: C:/Program Files/Epic Games/4.5/Engine/Binaries/Win64/
LogInit: Rocket: 1
[2015.02.13-20.08.29:466][  0]LogTaskGraph: Started task graph with 3 named threads and 4 total threads.
[2015.02.13-20.08.29:511][  0]LogOnline:Warning: No default platform service specified for OnlineSubsystem
[2015.02.13-20.08.29:821][  0]LogInit: Presizing for 0 objects not considered by GC, pre-allocating 0 bytes.
[2015.02.13-20.08.29:829][  0]LogInit: Object subsystem initialized
[2015.02.13-20.08.29:832][  0]LogConsoleResponse:Warning: Skipping Unknown console variable: 'UIScaleRule = ShortestSide'
[2015.02.13-20.08.29:832][  0]LogConsoleResponse:Warning:   Found in ini file 'C:/Users/Jeremy/Documents/Gladiator/Gladiator/Saved/Config/Windows/Engine.ini', in section '[/Script/Engine.RendererSettings]'
[2015.02.13-20.08.29:833][  0]LogConsoleResponse:Warning: Skipping Unknown console variable: 'UIScaleCurve = (EditorCurveData=(Keys=((Time=480.000000,Value=0.444000),(Time=720.000000,Value=0.666000),(Time=1080.000000,Value=1.000000),(Time=8640.000000,Value=8.000000))),ExternalCurve=None)'
[2015.02.13-20.08.29:833][  0]LogConsoleResponse:Warning:   Found in ini file 'C:/Users/Jeremy/Documents/Gladiator/Gladiator/Saved/Config/Windows/Engine.ini', in section '[/Script/Engine.RendererSettings]'
[2015.02.13-20.08.29:834][  0]LogInit: Selected Device Profile: [Windows]
[2015.02.13-20.08.29:834][  0]LogInit: Applying CVar settings loaded from the selected device profile: [Windows]
[2015.02.13-20.08.29:844][  0]LogInit: Computer: PORTABLE
[2015.02.13-20.08.29:844][  0]LogInit: User: Jérémy
[2015.02.13-20.08.29:846][  0]LogInit: CPU Page size=4096, Cores=4
[2015.02.13-20.08.29:847][  0]LogInit: High frequency timer resolution =2.435776 MHz
[2015.02.13-20.08.29:847][  0]LogMemory: Memory total: Physical=7.9GB (8GB approx) Virtual=131072.0GB
[2015.02.13-20.08.29:848][  0]LogMemory: Platform Memory Stats for Windows
[2015.02.13-20.08.29:848][  0]LogMemory: Process Physical Memory: 61.15 MB used, 61.15 MB peak
[2015.02.13-20.08.29:848][  0]LogMemory: Process Virtual Memory: 36.28 MB used, 36.28 MB peak
[2015.02.13-20.08.29:848][  0]LogMemory: Physical Memory: 4038.79 MB used, 8075.02 MB total
[2015.02.13-20.08.29:849][  0]LogMemory: Virtual Memory: 275.58 MB used, 134217728.00 MB total
[2015.02.13-20.08.30:832][  0]LogD3D11RHI: Found D3D11 adapter 0: NVIDIA GeForce GTX 850M (Feature Level 11_0)
[2015.02.13-20.08.30:832][  0]LogD3D11RHI: Adapter has 4002MB of dedicated video memory, 0MB of dedicated system memory, and 4037MB of shared system memory, 1 output[s]
[2015.02.13-20.08.30:851][  0]LogD3D11RHI: Found D3D11 adapter 1: Intel(R) HD Graphics 4600 (Feature Level 11_0)
[2015.02.13-20.08.30:852][  0]LogD3D11RHI: Adapter has 32MB of dedicated video memory, 0MB of dedicated system memory, and 1760MB of shared system memory, 0 output[s]
[2015.02.13-20.08.30:855][  0]LogD3D11RHI: Found D3D11 adapter 2: Microsoft Basic Render Driver (Feature Level 11_0)
[2015.02.13-20.08.30:856][  0]LogD3D11RHI: Adapter has 0MB of dedicated video memory, 0MB of dedicated system memory, and 256MB of shared system memory, 0 output[s]
[2015.02.13-20.08.30:856][  0]LogD3D11RHI: Chosen D3D11 Adapter Id = 0
[2015.02.13-20.08.30:860][  0]LogRHI: Texture pool is 1361 MB (70% of 1945 MB)
[2015.02.13-20.08.30:908][  0]LogD3D11RHI: Async texture creation enabled
[2015.02.13-20.08.31:283][  0]LogTextLocalizationManager: The requested culture ('fr_FR') has no localization data; falling back to 'en' for localization and internationalization data.
[2015.02.13-20.08.31:434][  0]LogContentStreaming: Texture pool size is 0.000000MB
[2015.02.13-20.08.36:350][  0]LogTargetPlatformManager:Display: Building Assets For Windows
[2015.02.13-20.08.37:289][  0]LogTargetPlatformManager:Display: Building Assets For Windows
[2015.02.13-20.08.37:412][  0]LogDerivedDataCache:Display: Max Cache Size: 512 MB
[2015.02.13-20.08.37:839][  0]LogDerivedDataCache: Loaded boot cache 0.43s 41MB C:/Users/Jeremy/AppData/Local/UnrealEngine/4.5/DerivedDataCache/Boot.ddc.
[2015.02.13-20.08.37:839][  0]LogDerivedDataCache:Display: Loaded Boot cache: C:/Users/Jeremy/AppData/Local/UnrealEngine/4.5/DerivedDataCache/Boot.ddc
[2015.02.13-20.08.37:840][  0]LogDerivedDataCache: FDerivedDataBackendGraph:  Pak pak cache file ../../../../../../Users/Jeremy/Documents/Gladiator/Gladiator/DerivedDataCache/DDC.ddp not found, will not use a pak cache.
[2015.02.13-20.08.37:840][  0]LogDerivedDataCache: Unable to find inner node Pak for hierarchical cache Hierarchy.
[2015.02.13-20.08.37:906][  0]LogDerivedDataCache:Display: Pak cache opened for reading ../../../Engine/DerivedDataCache/DDC.ddp.
[2015.02.13-20.08.37:919][  0]LogDerivedDataCache: Using Local data cache path C:/Users/Jeremy/AppData/Local/UnrealEngine/Common/DerivedDataCache: Writable
[2015.02.13-20.08.43:391][  0]LogMeshUtilities: No automatic mesh reduction module available
[2015.02.13-20.08.43:391][  0]LogMeshUtilities: No automatic mesh merging module available
[2015.02.13-20.08.44:191][  0]LogLinker:Warning: Asset '../../../Engine/Content/Functions/Engine_MaterialFunctions02/Texturing/FlipBook.uasset' has been saved with empty engine version. The asset will be loaded but may be incompatible.
[2015.02.13-20.08.44:211][  0]LogLinker:Warning: Asset '../../../Engine/Content/Functions/Engine_MaterialFunctions02/ExampleContent/Textures/flipbook.uasset' has been saved with empty engine version. The asset will be loaded but may be incompatible.
[2015.02.13-20.08.45:050][  0]LogInit: WinSock: version 1.1 (2.2), MaxSocks=32767, MaxUdp=65467
[2015.02.13-20.08.46:675][  0]UdpMessaging: Initializing bridge on interface 0.0.0.0:0 to multicast group 230.0.0.1:6666.
[2015.02.13-20.08.48:852][  0]SourceControl: Info Source control is disabled
[2015.02.13-20.08.48:853][  0]SourceControl: Info Source control is disabled
[2015.02.13-20.08.48:874][  0]SourceControl: Info Source control is disabled
[2015.02.13-20.08.49:171][  0]LogObj: 28390 objects as part of root set at end of initial load.
[2015.02.13-20.08.49:172][  0]LogUObjectAllocator: 6803272 out of 0 bytes used by permanent object pool.
[2015.02.13-20.08.49:253][  0]LogEngine: Initializing Engine...
[2015.02.13-20.08.49:713][  0]LogInit: XAudio2 using 'Speakers (Realtek High Definition Audio)' : 2 channels at 48 kHz using 32 bits per sample (channel mask 0x3)
[2015.02.13-20.08.49:827][  0]LogInit: FAudioDevice initialized.
[2015.02.13-20.08.49:876][  0]LogAIModule: Creating AISystem for world NewWorld
[2015.02.13-20.08.49:909][  0]LogDerivedDataCache: Saved boot cache 0.03s 41MB C:/Users/Jeremy/AppData/Local/UnrealEngine/4.5/DerivedDataCache/Boot.ddc.
[2015.02.13-20.08.49:915][  0]LogInit: Texture streaming: Enabled
[2015.02.13-20.08.50:021][  0]LogInit: Transaction tracking system initialized
[2015.02.13-20.08.50:251][  0]BlueprintLog: New page: Editor Load
[2015.02.13-20.08.50:309][  0]LogAssetRegistry: FAssetRegistry took 0.0114 seconds to start up
[2015.02.13-20.08.50:309][  0]LogDirectoryWatcher:Warning: Failed to begin reading directory changes for ../../../Engine/Plugins/Experimental/CharacterAI/Content/. Error: 0
[2015.02.13-20.08.51:372][  0]LogTargetPlatformManager:Display: Building Assets For Windows
[2015.02.13-20.08.51:753][  0]LogTargetPlatformManager:Display: Building Assets For Windows
[2015.02.13-20.08.52:293][  0]LogConsoleResponse:Display: 
[2015.02.13-20.08.53:623][  0]SourceControl: Info Source control is disabled
[2015.02.13-20.08.53:624][  0]Cmd: MAP LOAD FILE="../../../../../../Users/Jeremy/Documents/Gladiator/Gladiator/Content/Level/TestLevle.umap" TEMPLATE=0 SHOWPROGRESS=1
[2015.02.13-20.08.53:651][  0]LightingResults: New page: Lighting Build
[2015.02.13-20.08.53:674][  0]MapCheck: New page: Map Check
[2015.02.13-20.08.53:675][  0]LightingResults: New page: Lighting Build
[2015.02.13-20.08.53:692][  0]LogParticles: Destroying 0 GPU particle simulations for FXSystem 0x0000004C6D53F920
[2015.02.13-20.08.54:255][  0]LogEditorServer: Finished looking for orphan Actors (0.000 secs)
[2015.02.13-20.08.54:256][  0]LogAIModule: Creating AISystem for world TestLevle
[2015.02.13-20.08.54:256][  0]Cmd: MAP CHECKDEP
[2015.02.13-20.08.54:258][  0]MapCheck: New page: TestLevle - Feb 13, 2015, 10:08:54 PM
[2015.02.13-20.08.54:354][  0]MapCheck: Info Map check complete: 0 Error(s), 0 Warning(s), took 97.766ms to complete.
[2015.02.13-20.08.54:355][  0]LogFileHelpers: Loading map 'TestLevle' took 0.731
[2015.02.13-20.08.54:461][  0]LogCollectionManager: Loaded 0 collections in 0.001283 seconds
[2015.02.13-20.08.54:786][  0]LogCrashTracker: Crashtracker disabled due to settings.
[2015.02.13-20.08.54:822][  0]LogUObjectGlobals:Warning: Failed to find object 'Class None.'
[2015.02.13-20.08.54:871][  0]LogLoad: Full Startup: 30.26 seconds (BP compile: 0.11 seconds)
[2015.02.13-20.08.54:897][  0]LogContentBrowser:Verbose: The content browser source was changed by the sources view to '/Game/AI'
[2015.02.13-20.08.55:144][  0]LogRenderer:Warning: Reallocating scene render targets to support 912x704.
[2015.02.13-20.08.55:736][  3]LogAssetRegistry: Asset discovery search completed in 5.4386 seconds
[2015.02.13-20.12.32:039][449]LogActorComponent: UnregisterComponent: (/Engine/Transient.CharacterMovementComponent_0) Not registered. Aborting.
[2015.02.13-20.12.32:039][449]LogActorComponent: UnregisterComponent: (/Engine/Transient.CharacterMovementComponent_1) Not registered. Aborting.
[2015.02.13-20.13.33:751][ 89]BlueprintLog: New page: Pre-PIE auto-recompile
[2015.02.13-20.13.33:751][ 89]LogPlayLevel: [PIE] Compiling Tutorial_BP_MacroLib before PIE...
[2015.02.13-20.13.33:815][ 89]LogPlayLevel: PIE:  Blueprint regeneration took 64 ms (1 blueprints)
[2015.02.13-20.13.33:816][ 89]PIE: New page: PIE session: TestLevle (Feb 13, 2015, 10:13:33 PM)
[2015.02.13-20.13.33:820][ 89]LogPlayLevel: PIE: StaticDuplicateObject took: (0.004247s)
[2015.02.13-20.13.33:822][ 89]LogPlayLevel: PIE: World Init took: (0.001129s)
[2015.02.13-20.13.33:822][ 89]LogPlayLevel: PIE: Created PIE world by copying editor world from /Game/Level/TestLevle.TestLevle to /Game/Level/UEDPIE_0_TestLevle.TestLevle (0.006333s)
[2015.02.13-20.13.33:905][ 89]LogWorld: Game class is 'MyGameModeBP_C'
[2015.02.13-20.13.33:907][ 89]LogAIModule: Creating AISystem for world TestLevle
[2015.02.13-20.13.33:908][ 89]LogWorld:Warning: *** WARNING - PATHS MAY NOT BE VALID ***
[2015.02.13-20.13.33:909][ 89]LogWorld: Bringing World /Game/Level/UEDPIE_0_TestLevle.TestLevle up for play (max tick rate 60) at 2015.02.13-21.13.33
[2015.02.13-20.13.33:909][ 89]LogWorld: Bringing up level for play took: 0.001643
[2015.02.13-20.13.33:937][ 89]PIE: Info Play in editor start time for /Game/Level/UEDPIE_0_TestLevle -0.522
[2015.02.13-20.13.53:033][226]LogParticles: Destroying 0 GPU particle simulations for FXSystem 0x0000004C618E9D00
[2015.02.13-20.14.22:391][965]Cmd: RecompileShaders SlateElementPixelShader
[2015.02.13-20.14.23:932][965]LogMaterial: 0.006912 seconds spent updating 80 materials, 80 interfaces, 30 instances, 3 with static permutations.
[2015.02.13-20.14.26:176][965]LogShaderCompilers:Warning: 		[RecompileShaders SingleShader] took [2.3253] s
[2015.02.13-20.14.30:921][248]LogPlayLevel: PIE:  No blueprints needed recompiling
[2015.02.13-20.14.30:922][248]PIE: New page: PIE session: TestLevle (Feb 13, 2015, 10:14:30 PM)
[2015.02.13-20.14.30:926][248]LogPlayLevel: PIE: StaticDuplicateObject took: (0.003791s)
[2015.02.13-20.14.30:927][248]LogPlayLevel: PIE: World Init took: (0.000749s)
[2015.02.13-20.14.30:928][248]LogPlayLevel: PIE: Created PIE world by copying editor world from /Game/Level/TestLevle.TestLevle to /Game/Level/UEDPIE_0_TestLevle.TestLevle (0.005614s)
[2015.02.13-20.14.30:964][248]Log