La génération a démarré 05/02/2015 12:12:46.
     1>Projet "C:\Users\Jeremy\Documents\Gladiator\Gladiator\Intermediate\ProjectFiles\Gladiator.vcxproj" sur le nœud 2 (Rebuild cible(s)).
     1>Rebuild:
         "C:\Program Files\Epic Games\4.5\Engine\Build\BatchFiles\Rebuild.bat" GladiatorEditor Win64 DebugGame "C:\Users\Jeremy\Documents\Gladiator\Gladiator\Gladiator.uproject" -rocket
         Cleaning GladiatorEditor Binaries...
         Parsing headers for GladiatorEditor
         Reflection code generated for GladiatorEditor
         Performing 17 actions (4 in parallel)
         [2/17] Resource ModuleVersionResource.rc.inl
         [3/17] Resource Gladiator.rc
         PCH.Gladiator.Gladiator.h.cpp
         Gladiator.generated.cpp
         MyAIDirector.cpp
         MyAICharacter.cpp
         MyAIHUD.cpp
         MyAIController.cpp
         MyGladiatorCharacter.cpp
         GladiatorGameMode.cpp
         MyHammerActor.cpp
         MyShieldActor.cpp
         MyCharacterAnimInstance.cpp
         MyGladiatorGameMode.cpp
         MyGladiatorPawn.cpp
         Gladiator.cpp
         [17/17] Link UE4Editor-Gladiator-Win64-DebugGame.dll
            CrÚation de la bibliothÞque C:\Users\Jeremy\Documents\Gladiator\Gladiator\Intermediate\Build\Win64\GladiatorEditor\DebugGame\UE4Editor-Gladiator-Win64-DebugGame.lib et de l'objet C:\Users\Jeremy\Documents\Gladiator\Gladiator\Intermediate\Build\Win64\GladiatorEditor\DebugGame\UE4Editor-Gladiator-Win64-DebugGame.exp
         -------- End Detailed Actions Stats -----------------------------------------------------------
         Cumulative action seconds (8 processors): 0,00 building projects, 59,24 compiling, 0,00 creating app bundles, 0,00 generating debug info, 0,54 linking, 0,00 other
         UBT execution time: 59,58 seconds
     1>Génération du projet "C:\Users\Jeremy\Documents\Gladiator\Gladiator\Intermediate\ProjectFiles\Gladiator.vcxproj" terminée (Rebuild cible(s)).

La génération a réussi.

Temps écoulé 00:01:00.93
